{"/home/diegocruz/Documentos/dev/rabbitmq/simulator/src/core/Binding.js": {"path":"/home/diegocruz/Documentos/dev/rabbitmq/simulator/src/core/Binding.js","all":false,"statementMap":{"0":{"start":{"line":1,"column":0},"end":{"line":1,"column":22}},"1":{"start":{"line":2,"column":0},"end":{"line":2,"column":10}},"2":{"start":{"line":3,"column":0},"end":{"line":3,"column":7}},"3":{"start":{"line":4,"column":0},"end":{"line":4,"column":12}},"4":{"start":{"line":5,"column":0},"end":{"line":5,"column":0}},"5":{"start":{"line":6,"column":0},"end":{"line":6,"column":44}},"6":{"start":{"line":7,"column":0},"end":{"line":7,"column":28}},"7":{"start":{"line":8,"column":0},"end":{"line":8,"column":22}},"8":{"start":{"line":9,"column":0},"end":{"line":9,"column":32}},"9":{"start":{"line":10,"column":0},"end":{"line":10,"column":3}},"10":{"start":{"line":11,"column":0},"end":{"line":11,"column":0}},"11":{"start":{"line":12,"column":0},"end":{"line":12,"column":63}},"12":{"start":{"line":13,"column":0},"end":{"line":13,"column":51}},"13":{"start":{"line":14,"column":0},"end":{"line":14,"column":3}},"14":{"start":{"line":15,"column":0},"end":{"line":15,"column":1}}},"s":{"0":1,"1":12,"2":12,"3":12,"4":12,"5":12,"6":12,"7":12,"8":12,"9":12,"10":12,"11":12,"12":12,"13":12,"14":12},"branchMap":{"0":{"type":"branch","line":1,"loc":{"start":{"line":1,"column":7},"end":{"line":15,"column":1}},"locations":[{"start":{"line":1,"column":7},"end":{"line":15,"column":1}}]},"1":{"type":"branch","line":6,"loc":{"start":{"line":6,"column":2},"end":{"line":10,"column":3}},"locations":[{"start":{"line":6,"column":2},"end":{"line":10,"column":3}}]},"2":{"type":"branch","line":12,"loc":{"start":{"line":12,"column":9},"end":{"line":14,"column":3}},"locations":[{"start":{"line":12,"column":9},"end":{"line":14,"column":3}}]}},"b":{"0":[12],"1":[12],"2":[12]},"fnMap":{"0":{"name":"<instance_members_initializer>","decl":{"start":{"line":1,"column":7},"end":{"line":15,"column":1}},"loc":{"start":{"line":1,"column":7},"end":{"line":15,"column":1}},"line":1},"1":{"name":"Binding","decl":{"start":{"line":6,"column":2},"end":{"line":10,"column":3}},"loc":{"start":{"line":6,"column":2},"end":{"line":10,"column":3}},"line":6},"2":{"name":"create","decl":{"start":{"line":12,"column":9},"end":{"line":14,"column":3}},"loc":{"start":{"line":12,"column":9},"end":{"line":14,"column":3}},"line":12}},"f":{"0":12,"1":12,"2":12}}
,"/home/diegocruz/Documentos/dev/rabbitmq/simulator/src/core/ExchangeDirect.js": {"path":"/home/diegocruz/Documentos/dev/rabbitmq/simulator/src/core/ExchangeDirect.js","all":false,"statementMap":{"0":{"start":{"line":1,"column":0},"end":{"line":1,"column":46}},"1":{"start":{"line":2,"column":0},"end":{"line":2,"column":39}},"2":{"start":{"line":3,"column":0},"end":{"line":3,"column":0}},"3":{"start":{"line":4,"column":0},"end":{"line":4,"column":46}},"4":{"start":{"line":5,"column":0},"end":{"line":5,"column":0}},"5":{"start":{"line":6,"column":0},"end":{"line":6,"column":21}},"6":{"start":{"line":7,"column":0},"end":{"line":7,"column":15}},"7":{"start":{"line":8,"column":0},"end":{"line":8,"column":3}},"8":{"start":{"line":9,"column":0},"end":{"line":9,"column":0}},"9":{"start":{"line":10,"column":0},"end":{"line":10,"column":36}},"10":{"start":{"line":11,"column":0},"end":{"line":11,"column":44}},"11":{"start":{"line":12,"column":0},"end":{"line":12,"column":10}},"12":{"start":{"line":13,"column":0},"end":{"line":13,"column":17}},"13":{"start":{"line":14,"column":0},"end":{"line":14,"column":77}},"14":{"start":{"line":15,"column":0},"end":{"line":15,"column":0}},"15":{"start":{"line":16,"column":0},"end":{"line":16,"column":48}},"16":{"start":{"line":17,"column":0},"end":{"line":17,"column":0}},"17":{"start":{"line":18,"column":0},"end":{"line":18,"column":39}},"18":{"start":{"line":19,"column":0},"end":{"line":19,"column":21}},"19":{"start":{"line":20,"column":0},"end":{"line":20,"column":12}},"20":{"start":{"line":21,"column":0},"end":{"line":21,"column":16}},"21":{"start":{"line":22,"column":0},"end":{"line":22,"column":7}},"22":{"start":{"line":23,"column":0},"end":{"line":23,"column":3}},"23":{"start":{"line":24,"column":0},"end":{"line":24,"column":0}},"24":{"start":{"line":25,"column":0},"end":{"line":25,"column":28}},"25":{"start":{"line":26,"column":0},"end":{"line":26,"column":67}},"26":{"start":{"line":27,"column":0},"end":{"line":27,"column":3}},"27":{"start":{"line":28,"column":0},"end":{"line":28,"column":0}},"28":{"start":{"line":29,"column":0},"end":{"line":29,"column":29}},"29":{"start":{"line":30,"column":0},"end":{"line":30,"column":56}},"30":{"start":{"line":31,"column":0},"end":{"line":31,"column":47}},"31":{"start":{"line":32,"column":0},"end":{"line":32,"column":40}},"32":{"start":{"line":33,"column":0},"end":{"line":33,"column":7}},"33":{"start":{"line":34,"column":0},"end":{"line":34,"column":5}},"34":{"start":{"line":35,"column":0},"end":{"line":35,"column":3}},"35":{"start":{"line":36,"column":0},"end":{"line":36,"column":0}},"36":{"start":{"line":37,"column":0},"end":{"line":37,"column":27}},"37":{"start":{"line":38,"column":0},"end":{"line":38,"column":35}},"38":{"start":{"line":39,"column":0},"end":{"line":39,"column":3}},"39":{"start":{"line":40,"column":0},"end":{"line":40,"column":1}}},"s":{"0":1,"1":1,"2":1,"3":1,"4":1,"5":1,"6":6,"7":6,"8":1,"9":1,"10":9,"11":9,"12":9,"13":9,"14":9,"15":9,"16":7,"17":7,"18":7,"19":7,"20":7,"21":7,"22":7,"23":1,"24":1,"25":1,"26":1,"27":1,"28":1,"29":2,"30":4,"31":3,"32":3,"33":4,"34":2,"35":1,"36":1,"37":6,"38":6,"39":1},"branchMap":{"0":{"type":"branch","line":6,"loc":{"start":{"line":6,"column":2},"end":{"line":8,"column":3}},"locations":[{"start":{"line":6,"column":2},"end":{"line":8,"column":3}}]},"1":{"type":"branch","line":10,"loc":{"start":{"line":10,"column":2},"end":{"line":23,"column":3}},"locations":[{"start":{"line":10,"column":2},"end":{"line":23,"column":3}}]},"2":{"type":"branch","line":16,"loc":{"start":{"line":16,"column":42},"end":{"line":16,"column":48}},"locations":[{"start":{"line":16,"column":42},"end":{"line":16,"column":48}}]},"3":{"type":"branch","line":16,"loc":{"start":{"line":16,"column":42},"end":{"line":23,"column":3}},"locations":[{"start":{"line":16,"column":42},"end":{"line":23,"column":3}}]},"4":{"type":"branch","line":14,"loc":{"start":{"line":14,"column":14},"end":{"line":14,"column":76}},"locations":[{"start":{"line":14,"column":14},"end":{"line":14,"column":76}}]},"5":{"type":"branch","line":14,"loc":{"start":{"line":14,"column":48},"end":{"line":14,"column":76}},"locations":[{"start":{"line":14,"column":48},"end":{"line":14,"column":76}}]},"6":{"type":"branch","line":25,"loc":{"start":{"line":25,"column":2},"end":{"line":27,"column":3}},"locations":[{"start":{"line":25,"column":2},"end":{"line":27,"column":3}}]},"7":{"type":"branch","line":26,"loc":{"start":{"line":26,"column":41},"end":{"line":26,"column":66}},"locations":[{"start":{"line":26,"column":41},"end":{"line":26,"column":66}}]},"8":{"type":"branch","line":29,"loc":{"start":{"line":29,"column":2},"end":{"line":35,"column":3}},"locations":[{"start":{"line":29,"column":2},"end":{"line":35,"column":3}}]},"9":{"type":"branch","line":30,"loc":{"start":{"line":30,"column":55},"end":{"line":34,"column":5}},"locations":[{"start":{"line":30,"column":55},"end":{"line":34,"column":5}}]},"10":{"type":"branch","line":31,"loc":{"start":{"line":31,"column":45},"end":{"line":33,"column":7}},"locations":[{"start":{"line":31,"column":45},"end":{"line":33,"column":7}}]},"11":{"type":"branch","line":37,"loc":{"start":{"line":37,"column":9},"end":{"line":39,"column":3}},"locations":[{"start":{"line":37,"column":9},"end":{"line":39,"column":3}}]}},"b":{"0":[6],"1":[9],"2":[2],"3":[7],"4":[4],"5":[3],"6":[1],"7":[1],"8":[2],"9":[4],"10":[3],"11":[6]},"fnMap":{"0":{"name":"ExchangeDirect","decl":{"start":{"line":6,"column":2},"end":{"line":8,"column":3}},"loc":{"start":{"line":6,"column":2},"end":{"line":8,"column":3}},"line":6},"1":{"name":"createBinding","decl":{"start":{"line":10,"column":2},"end":{"line":23,"column":3}},"loc":{"start":{"line":10,"column":2},"end":{"line":23,"column":3}},"line":10},"2":{"name":"removeBinding","decl":{"start":{"line":25,"column":2},"end":{"line":27,"column":3}},"loc":{"start":{"line":25,"column":2},"end":{"line":27,"column":3}},"line":25},"3":{"name":"sendMessageQueue","decl":{"start":{"line":29,"column":2},"end":{"line":35,"column":3}},"loc":{"start":{"line":29,"column":2},"end":{"line":35,"column":3}},"line":29},"4":{"name":"create","decl":{"start":{"line":37,"column":9},"end":{"line":39,"column":3}},"loc":{"start":{"line":37,"column":9},"end":{"line":39,"column":3}},"line":37}},"f":{"0":6,"1":9,"2":1,"3":2,"4":6}}
,"/home/diegocruz/Documentos/dev/rabbitmq/simulator/src/core/ExchangeFanout.js": {"path":"/home/diegocruz/Documentos/dev/rabbitmq/simulator/src/core/ExchangeFanout.js","all":false,"statementMap":{"0":{"start":{"line":1,"column":0},"end":{"line":1,"column":46}},"1":{"start":{"line":2,"column":0},"end":{"line":2,"column":39}},"2":{"start":{"line":3,"column":0},"end":{"line":3,"column":0}},"3":{"start":{"line":4,"column":0},"end":{"line":4,"column":46}},"4":{"start":{"line":5,"column":0},"end":{"line":5,"column":0}},"5":{"start":{"line":6,"column":0},"end":{"line":6,"column":21}},"6":{"start":{"line":7,"column":0},"end":{"line":7,"column":15}},"7":{"start":{"line":8,"column":0},"end":{"line":8,"column":3}},"8":{"start":{"line":9,"column":0},"end":{"line":9,"column":0}},"9":{"start":{"line":10,"column":0},"end":{"line":10,"column":24}},"10":{"start":{"line":11,"column":0},"end":{"line":11,"column":34}},"11":{"start":{"line":12,"column":0},"end":{"line":12,"column":10}},"12":{"start":{"line":13,"column":0},"end":{"line":13,"column":17}},"13":{"start":{"line":14,"column":0},"end":{"line":14,"column":45}},"14":{"start":{"line":15,"column":0},"end":{"line":15,"column":0}},"15":{"start":{"line":16,"column":0},"end":{"line":16,"column":38}},"16":{"start":{"line":17,"column":0},"end":{"line":17,"column":0}},"17":{"start":{"line":18,"column":0},"end":{"line":18,"column":39}},"18":{"start":{"line":19,"column":0},"end":{"line":19,"column":21}},"19":{"start":{"line":20,"column":0},"end":{"line":20,"column":12}},"20":{"start":{"line":21,"column":0},"end":{"line":21,"column":7}},"21":{"start":{"line":22,"column":0},"end":{"line":22,"column":3}},"22":{"start":{"line":23,"column":0},"end":{"line":23,"column":0}},"23":{"start":{"line":24,"column":0},"end":{"line":24,"column":28}},"24":{"start":{"line":25,"column":0},"end":{"line":25,"column":67}},"25":{"start":{"line":26,"column":0},"end":{"line":26,"column":3}},"26":{"start":{"line":27,"column":0},"end":{"line":27,"column":0}},"27":{"start":{"line":28,"column":0},"end":{"line":28,"column":29}},"28":{"start":{"line":29,"column":0},"end":{"line":29,"column":44}},"29":{"start":{"line":30,"column":0},"end":{"line":30,"column":38}},"30":{"start":{"line":31,"column":0},"end":{"line":31,"column":5}},"31":{"start":{"line":32,"column":0},"end":{"line":32,"column":3}},"32":{"start":{"line":33,"column":0},"end":{"line":33,"column":0}},"33":{"start":{"line":34,"column":0},"end":{"line":34,"column":27}},"34":{"start":{"line":35,"column":0},"end":{"line":35,"column":35}},"35":{"start":{"line":36,"column":0},"end":{"line":36,"column":3}},"36":{"start":{"line":37,"column":0},"end":{"line":37,"column":1}}},"s":{"0":1,"1":1,"2":1,"3":1,"4":1,"5":1,"6":5,"7":5,"8":1,"9":1,"10":6,"11":6,"12":6,"13":6,"14":6,"15":6,"16":5,"17":5,"18":5,"19":5,"20":5,"21":5,"22":1,"23":1,"24":1,"25":1,"26":1,"27":1,"28":1,"29":2,"30":2,"31":1,"32":1,"33":1,"34":5,"35":5,"36":1},"branchMap":{"0":{"type":"branch","line":6,"loc":{"start":{"line":6,"column":2},"end":{"line":8,"column":3}},"locations":[{"start":{"line":6,"column":2},"end":{"line":8,"column":3}}]},"1":{"type":"branch","line":10,"loc":{"start":{"line":10,"column":2},"end":{"line":22,"column":3}},"locations":[{"start":{"line":10,"column":2},"end":{"line":22,"column":3}}]},"2":{"type":"branch","line":16,"loc":{"start":{"line":16,"column":32},"end":{"line":16,"column":38}},"locations":[{"start":{"line":16,"column":32},"end":{"line":16,"column":38}}]},"3":{"type":"branch","line":16,"loc":{"start":{"line":16,"column":32},"end":{"line":22,"column":3}},"locations":[{"start":{"line":16,"column":32},"end":{"line":22,"column":3}}]},"4":{"type":"branch","line":14,"loc":{"start":{"line":14,"column":14},"end":{"line":14,"column":44}},"locations":[{"start":{"line":14,"column":14},"end":{"line":14,"column":44}}]},"5":{"type":"branch","line":24,"loc":{"start":{"line":24,"column":2},"end":{"line":26,"column":3}},"locations":[{"start":{"line":24,"column":2},"end":{"line":26,"column":3}}]},"6":{"type":"branch","line":25,"loc":{"start":{"line":25,"column":41},"end":{"line":25,"column":66}},"locations":[{"start":{"line":25,"column":41},"end":{"line":25,"column":66}}]},"7":{"type":"branch","line":28,"loc":{"start":{"line":28,"column":2},"end":{"line":32,"column":3}},"locations":[{"start":{"line":28,"column":2},"end":{"line":32,"column":3}}]},"8":{"type":"branch","line":29,"loc":{"start":{"line":29,"column":43},"end":{"line":31,"column":5}},"locations":[{"start":{"line":29,"column":43},"end":{"line":31,"column":5}}]},"9":{"type":"branch","line":34,"loc":{"start":{"line":34,"column":9},"end":{"line":36,"column":3}},"locations":[{"start":{"line":34,"column":9},"end":{"line":36,"column":3}}]}},"b":{"0":[5],"1":[6],"2":[1],"3":[5],"4":[2],"5":[1],"6":[1],"7":[1],"8":[2],"9":[5]},"fnMap":{"0":{"name":"ExchangeFanout","decl":{"start":{"line":6,"column":2},"end":{"line":8,"column":3}},"loc":{"start":{"line":6,"column":2},"end":{"line":8,"column":3}},"line":6},"1":{"name":"createBinding","decl":{"start":{"line":10,"column":2},"end":{"line":22,"column":3}},"loc":{"start":{"line":10,"column":2},"end":{"line":22,"column":3}},"line":10},"2":{"name":"removeBinding","decl":{"start":{"line":24,"column":2},"end":{"line":26,"column":3}},"loc":{"start":{"line":24,"column":2},"end":{"line":26,"column":3}},"line":24},"3":{"name":"sendMessageQueue","decl":{"start":{"line":28,"column":2},"end":{"line":32,"column":3}},"loc":{"start":{"line":28,"column":2},"end":{"line":32,"column":3}},"line":28},"4":{"name":"create","decl":{"start":{"line":34,"column":9},"end":{"line":36,"column":3}},"loc":{"start":{"line":34,"column":9},"end":{"line":36,"column":3}},"line":34}},"f":{"0":5,"1":6,"2":1,"3":1,"4":5}}
,"/home/diegocruz/Documentos/dev/rabbitmq/simulator/src/core/Message.js": {"path":"/home/diegocruz/Documentos/dev/rabbitmq/simulator/src/core/Message.js","all":false,"statementMap":{"0":{"start":{"line":1,"column":0},"end":{"line":1,"column":40}},"1":{"start":{"line":2,"column":0},"end":{"line":2,"column":0}},"2":{"start":{"line":3,"column":0},"end":{"line":3,"column":22}},"3":{"start":{"line":4,"column":0},"end":{"line":4,"column":4}},"4":{"start":{"line":5,"column":0},"end":{"line":5,"column":9}},"5":{"start":{"line":6,"column":0},"end":{"line":6,"column":12}},"6":{"start":{"line":7,"column":0},"end":{"line":7,"column":9}},"7":{"start":{"line":8,"column":0},"end":{"line":8,"column":0}},"8":{"start":{"line":9,"column":0},"end":{"line":9,"column":45}},"9":{"start":{"line":10,"column":0},"end":{"line":10,"column":26}},"10":{"start":{"line":11,"column":0},"end":{"line":11,"column":26}},"11":{"start":{"line":12,"column":0},"end":{"line":12,"column":32}},"12":{"start":{"line":13,"column":0},"end":{"line":13,"column":36}},"13":{"start":{"line":14,"column":0},"end":{"line":14,"column":3}},"14":{"start":{"line":15,"column":0},"end":{"line":15,"column":0}},"15":{"start":{"line":16,"column":0},"end":{"line":16,"column":68}},"16":{"start":{"line":17,"column":0},"end":{"line":17,"column":52}},"17":{"start":{"line":18,"column":0},"end":{"line":18,"column":3}},"18":{"start":{"line":19,"column":0},"end":{"line":19,"column":1}}},"s":{"0":1,"1":1,"2":1,"3":13,"4":13,"5":13,"6":13,"7":13,"8":13,"9":13,"10":13,"11":13,"12":13,"13":13,"14":13,"15":13,"16":13,"17":13,"18":13},"branchMap":{"0":{"type":"branch","line":3,"loc":{"start":{"line":3,"column":7},"end":{"line":19,"column":1}},"locations":[{"start":{"line":3,"column":7},"end":{"line":19,"column":1}}]},"1":{"type":"branch","line":9,"loc":{"start":{"line":9,"column":2},"end":{"line":14,"column":3}},"locations":[{"start":{"line":9,"column":2},"end":{"line":14,"column":3}}]},"2":{"type":"branch","line":16,"loc":{"start":{"line":16,"column":9},"end":{"line":18,"column":3}},"locations":[{"start":{"line":16,"column":9},"end":{"line":18,"column":3}}]}},"b":{"0":[13],"1":[13],"2":[13]},"fnMap":{"0":{"name":"<instance_members_initializer>","decl":{"start":{"line":3,"column":7},"end":{"line":19,"column":1}},"loc":{"start":{"line":3,"column":7},"end":{"line":19,"column":1}},"line":3},"1":{"name":"Message","decl":{"start":{"line":9,"column":2},"end":{"line":14,"column":3}},"loc":{"start":{"line":9,"column":2},"end":{"line":14,"column":3}},"line":9},"2":{"name":"create","decl":{"start":{"line":16,"column":9},"end":{"line":18,"column":3}},"loc":{"start":{"line":16,"column":9},"end":{"line":18,"column":3}},"line":16}},"f":{"0":13,"1":13,"2":13}}
,"/home/diegocruz/Documentos/dev/rabbitmq/simulator/src/core/Queue.js": {"path":"/home/diegocruz/Documentos/dev/rabbitmq/simulator/src/core/Queue.js","all":false,"statementMap":{"0":{"start":{"line":1,"column":0},"end":{"line":1,"column":38}},"1":{"start":{"line":2,"column":0},"end":{"line":2,"column":40}},"2":{"start":{"line":3,"column":0},"end":{"line":3,"column":0}},"3":{"start":{"line":4,"column":0},"end":{"line":4,"column":20}},"4":{"start":{"line":5,"column":0},"end":{"line":5,"column":4}},"5":{"start":{"line":6,"column":0},"end":{"line":6,"column":6}},"6":{"start":{"line":7,"column":0},"end":{"line":7,"column":16}},"7":{"start":{"line":8,"column":0},"end":{"line":8,"column":17}},"8":{"start":{"line":9,"column":0},"end":{"line":9,"column":19}},"9":{"start":{"line":10,"column":0},"end":{"line":10,"column":0}},"10":{"start":{"line":11,"column":0},"end":{"line":11,"column":21}},"11":{"start":{"line":12,"column":0},"end":{"line":12,"column":26}},"12":{"start":{"line":13,"column":0},"end":{"line":13,"column":20}},"13":{"start":{"line":14,"column":0},"end":{"line":14,"column":3}},"14":{"start":{"line":15,"column":0},"end":{"line":15,"column":0}},"15":{"start":{"line":16,"column":0},"end":{"line":16,"column":17}},"16":{"start":{"line":17,"column":0},"end":{"line":17,"column":35}},"17":{"start":{"line":18,"column":0},"end":{"line":18,"column":3}},"18":{"start":{"line":19,"column":0},"end":{"line":19,"column":0}},"19":{"start":{"line":20,"column":0},"end":{"line":20,"column":18}},"20":{"start":{"line":21,"column":0},"end":{"line":21,"column":36}},"21":{"start":{"line":22,"column":0},"end":{"line":22,"column":3}},"22":{"start":{"line":23,"column":0},"end":{"line":23,"column":0}},"23":{"start":{"line":24,"column":0},"end":{"line":24,"column":27}},"24":{"start":{"line":25,"column":0},"end":{"line":25,"column":32}},"25":{"start":{"line":26,"column":0},"end":{"line":26,"column":3}},"26":{"start":{"line":27,"column":0},"end":{"line":27,"column":0}},"27":{"start":{"line":28,"column":0},"end":{"line":28,"column":25}},"28":{"start":{"line":29,"column":0},"end":{"line":29,"column":33}},"29":{"start":{"line":30,"column":0},"end":{"line":30,"column":3}},"30":{"start":{"line":31,"column":0},"end":{"line":31,"column":0}},"31":{"start":{"line":32,"column":0},"end":{"line":32,"column":30}},"32":{"start":{"line":33,"column":0},"end":{"line":33,"column":82}},"33":{"start":{"line":34,"column":0},"end":{"line":34,"column":3}},"34":{"start":{"line":35,"column":0},"end":{"line":35,"column":0}},"35":{"start":{"line":36,"column":0},"end":{"line":36,"column":30}},"36":{"start":{"line":37,"column":0},"end":{"line":37,"column":78}},"37":{"start":{"line":38,"column":0},"end":{"line":38,"column":31}},"38":{"start":{"line":39,"column":0},"end":{"line":39,"column":0}},"39":{"start":{"line":40,"column":0},"end":{"line":40,"column":22}},"40":{"start":{"line":41,"column":0},"end":{"line":41,"column":3}},"41":{"start":{"line":42,"column":0},"end":{"line":42,"column":0}},"42":{"start":{"line":43,"column":0},"end":{"line":43,"column":17}},"43":{"start":{"line":44,"column":0},"end":{"line":44,"column":55}},"44":{"start":{"line":45,"column":0},"end":{"line":45,"column":50}},"45":{"start":{"line":46,"column":0},"end":{"line":46,"column":81}},"46":{"start":{"line":47,"column":0},"end":{"line":47,"column":0}},"47":{"start":{"line":48,"column":0},"end":{"line":48,"column":31}},"48":{"start":{"line":49,"column":0},"end":{"line":49,"column":26}},"49":{"start":{"line":50,"column":0},"end":{"line":50,"column":5}},"50":{"start":{"line":51,"column":0},"end":{"line":51,"column":3}},"51":{"start":{"line":52,"column":0},"end":{"line":52,"column":0}},"52":{"start":{"line":53,"column":0},"end":{"line":53,"column":27}},"53":{"start":{"line":54,"column":0},"end":{"line":54,"column":26}},"54":{"start":{"line":55,"column":0},"end":{"line":55,"column":3}},"55":{"start":{"line":56,"column":0},"end":{"line":56,"column":0}},"56":{"start":{"line":57,"column":0},"end":{"line":57,"column":1}}},"s":{"0":1,"1":1,"2":1,"3":1,"4":23,"5":23,"6":23,"7":23,"8":23,"9":23,"10":23,"11":23,"12":23,"13":23,"14":23,"15":23,"16":24,"17":24,"18":23,"19":23,"20":21,"21":21,"22":23,"23":23,"24":7,"25":7,"26":23,"27":23,"28":7,"29":7,"30":23,"31":23,"32":2,"33":2,"34":23,"35":23,"36":15,"37":14,"38":14,"39":14,"40":14,"41":23,"42":23,"43":17,"44":7,"45":7,"46":7,"47":7,"48":7,"49":7,"50":17,"51":23,"52":23,"53":23,"54":23,"55":23,"56":23},"branchMap":{"0":{"type":"branch","line":4,"loc":{"start":{"line":4,"column":7},"end":{"line":57,"column":1}},"locations":[{"start":{"line":4,"column":7},"end":{"line":57,"column":1}}]},"1":{"type":"branch","line":11,"loc":{"start":{"line":11,"column":2},"end":{"line":14,"column":3}},"locations":[{"start":{"line":11,"column":2},"end":{"line":14,"column":3}}]},"2":{"type":"branch","line":16,"loc":{"start":{"line":16,"column":2},"end":{"line":18,"column":3}},"locations":[{"start":{"line":16,"column":2},"end":{"line":18,"column":3}}]},"3":{"type":"branch","line":20,"loc":{"start":{"line":20,"column":2},"end":{"line":22,"column":3}},"locations":[{"start":{"line":20,"column":2},"end":{"line":22,"column":3}}]},"4":{"type":"branch","line":24,"loc":{"start":{"line":24,"column":2},"end":{"line":26,"column":3}},"locations":[{"start":{"line":24,"column":2},"end":{"line":26,"column":3}}]},"5":{"type":"branch","line":28,"loc":{"start":{"line":28,"column":2},"end":{"line":30,"column":3}},"locations":[{"start":{"line":28,"column":2},"end":{"line":30,"column":3}}]},"6":{"type":"branch","line":32,"loc":{"start":{"line":32,"column":2},"end":{"line":34,"column":3}},"locations":[{"start":{"line":32,"column":2},"end":{"line":34,"column":3}}]},"7":{"type":"branch","line":33,"loc":{"start":{"line":33,"column":43},"end":{"line":33,"column":81}},"locations":[{"start":{"line":33,"column":43},"end":{"line":33,"column":81}}]},"8":{"type":"branch","line":36,"loc":{"start":{"line":36,"column":2},"end":{"line":41,"column":3}},"locations":[{"start":{"line":36,"column":2},"end":{"line":41,"column":3}}]},"9":{"type":"branch","line":37,"loc":{"start":{"line":37,"column":39},"end":{"line":37,"column":78}},"locations":[{"start":{"line":37,"column":39},"end":{"line":37,"column":78}}]},"10":{"type":"branch","line":38,"loc":{"start":{"line":38,"column":-1},"end":{"line":41,"column":3}},"locations":[{"start":{"line":38,"column":-1},"end":{"line":41,"column":3}}]},"11":{"type":"branch","line":43,"loc":{"start":{"line":43,"column":2},"end":{"line":51,"column":3}},"locations":[{"start":{"line":43,"column":2},"end":{"line":51,"column":3}}]},"12":{"type":"branch","line":44,"loc":{"start":{"line":44,"column":29},"end":{"line":44,"column":52}},"locations":[{"start":{"line":44,"column":29},"end":{"line":44,"column":52}}]},"13":{"type":"branch","line":44,"loc":{"start":{"line":44,"column":54},"end":{"line":50,"column":5}},"locations":[{"start":{"line":44,"column":54},"end":{"line":50,"column":5}}]},"14":{"type":"branch","line":53,"loc":{"start":{"line":53,"column":9},"end":{"line":55,"column":3}},"locations":[{"start":{"line":53,"column":9},"end":{"line":55,"column":3}}]}},"b":{"0":[23],"1":[23],"2":[24],"3":[21],"4":[7],"5":[7],"6":[2],"7":[3],"8":[15],"9":[1],"10":[14],"11":[17],"12":[21],"13":[7],"14":[23]},"fnMap":{"0":{"name":"<instance_members_initializer>","decl":{"start":{"line":4,"column":7},"end":{"line":57,"column":1}},"loc":{"start":{"line":4,"column":7},"end":{"line":57,"column":1}},"line":4},"1":{"name":"Queue","decl":{"start":{"line":11,"column":2},"end":{"line":14,"column":3}},"loc":{"start":{"line":11,"column":2},"end":{"line":14,"column":3}},"line":11},"2":{"name":"hasMessages","decl":{"start":{"line":16,"column":2},"end":{"line":18,"column":3}},"loc":{"start":{"line":16,"column":2},"end":{"line":18,"column":3}},"line":16},"3":{"name":"hasConsumers","decl":{"start":{"line":20,"column":2},"end":{"line":22,"column":3}},"loc":{"start":{"line":20,"column":2},"end":{"line":22,"column":3}},"line":20},"4":{"name":"firstMessageFromQueue","decl":{"start":{"line":24,"column":2},"end":{"line":26,"column":3}},"loc":{"start":{"line":24,"column":2},"end":{"line":26,"column":3}},"line":24},"5":{"name":"addConsumer","decl":{"start":{"line":28,"column":2},"end":{"line":30,"column":3}},"loc":{"start":{"line":28,"column":2},"end":{"line":30,"column":3}},"line":28},"6":{"name":"removeConsumer","decl":{"start":{"line":32,"column":2},"end":{"line":34,"column":3}},"loc":{"start":{"line":32,"column":2},"end":{"line":34,"column":3}},"line":32},"7":{"name":"addMessageInQueue","decl":{"start":{"line":36,"column":2},"end":{"line":41,"column":3}},"loc":{"start":{"line":36,"column":2},"end":{"line":41,"column":3}},"line":36},"8":{"name":"sendMessage","decl":{"start":{"line":43,"column":2},"end":{"line":51,"column":3}},"loc":{"start":{"line":43,"column":2},"end":{"line":51,"column":3}},"line":43},"9":{"name":"create","decl":{"start":{"line":53,"column":9},"end":{"line":55,"column":3}},"loc":{"start":{"line":53,"column":9},"end":{"line":55,"column":3}},"line":53}},"f":{"0":23,"1":23,"2":24,"3":21,"4":7,"5":7,"6":2,"7":15,"8":17,"9":23}}
,"/home/diegocruz/Documentos/dev/rabbitmq/simulator/src/core/base/Exchange.js": {"path":"/home/diegocruz/Documentos/dev/rabbitmq/simulator/src/core/base/Exchange.js","all":false,"statementMap":{"0":{"start":{"line":1,"column":0},"end":{"line":1,"column":40}},"1":{"start":{"line":2,"column":0},"end":{"line":2,"column":0}},"2":{"start":{"line":3,"column":0},"end":{"line":3,"column":23}},"3":{"start":{"line":4,"column":0},"end":{"line":4,"column":4}},"4":{"start":{"line":5,"column":0},"end":{"line":5,"column":7}},"5":{"start":{"line":6,"column":0},"end":{"line":6,"column":15}},"6":{"start":{"line":7,"column":0},"end":{"line":7,"column":0}},"7":{"start":{"line":8,"column":0},"end":{"line":8,"column":22}},"8":{"start":{"line":9,"column":0},"end":{"line":9,"column":26}},"9":{"start":{"line":10,"column":0},"end":{"line":10,"column":20}},"10":{"start":{"line":11,"column":0},"end":{"line":11,"column":3}},"11":{"start":{"line":12,"column":0},"end":{"line":12,"column":2}},"12":{"start":{"line":13,"column":0},"end":{"line":13,"column":23}},"13":{"start":{"line":14,"column":0},"end":{"line":14,"column":46}},"14":{"start":{"line":15,"column":0},"end":{"line":15,"column":3}},"15":{"start":{"line":16,"column":0},"end":{"line":16,"column":1}}},"s":{"0":1,"1":1,"2":1,"3":13,"4":13,"5":13,"6":13,"7":13,"8":13,"9":13,"10":13,"11":13,"12":13,"13":1,"14":1,"15":13},"branchMap":{"0":{"type":"branch","line":3,"loc":{"start":{"line":3,"column":7},"end":{"line":16,"column":1}},"locations":[{"start":{"line":3,"column":7},"end":{"line":16,"column":1}}]},"1":{"type":"branch","line":8,"loc":{"start":{"line":8,"column":2},"end":{"line":11,"column":3}},"locations":[{"start":{"line":8,"column":2},"end":{"line":11,"column":3}}]},"2":{"type":"branch","line":13,"loc":{"start":{"line":13,"column":2},"end":{"line":15,"column":3}},"locations":[{"start":{"line":13,"column":2},"end":{"line":15,"column":3}}]}},"b":{"0":[13],"1":[13],"2":[1]},"fnMap":{"0":{"name":"<instance_members_initializer>","decl":{"start":{"line":3,"column":7},"end":{"line":16,"column":1}},"loc":{"start":{"line":3,"column":7},"end":{"line":16,"column":1}},"line":3},"1":{"name":"Exchange","decl":{"start":{"line":8,"column":2},"end":{"line":11,"column":3}},"loc":{"start":{"line":8,"column":2},"end":{"line":11,"column":3}},"line":8},"2":{"name":"sendMessageQueue","decl":{"start":{"line":13,"column":2},"end":{"line":15,"column":3}},"loc":{"start":{"line":13,"column":2},"end":{"line":15,"column":3}},"line":13}},"f":{"0":13,"1":13,"2":1}}
}
