TN:
SF:src/core/Binding.js
FN:1,<instance_members_initializer>
FN:6,Binding
FN:12,create
FNF:3
FNH:3
FNDA:12,<instance_members_initializer>
FNDA:12,Binding
FNDA:12,create
DA:1,1
DA:2,12
DA:3,12
DA:4,12
DA:5,12
DA:6,12
DA:7,12
DA:8,12
DA:9,12
DA:10,12
DA:11,12
DA:12,12
DA:13,12
DA:14,12
DA:15,12
LF:15
LH:15
BRDA:1,0,0,12
BRDA:6,1,0,12
BRDA:12,2,0,12
BRF:3
BRH:3
end_of_record
TN:
SF:src/core/ExchangeDirect.js
FN:6,ExchangeDirect
FN:10,createBinding
FN:25,removeBinding
FN:29,sendMessageQueue
FN:37,create
FNF:5
FNH:5
FNDA:6,ExchangeDirect
FNDA:9,createBinding
FNDA:1,removeBinding
FNDA:2,sendMessageQueue
FNDA:6,create
DA:1,1
DA:2,1
DA:3,1
DA:4,1
DA:5,1
DA:6,1
DA:7,6
DA:8,6
DA:9,1
DA:10,1
DA:11,9
DA:12,9
DA:13,9
DA:14,9
DA:15,9
DA:16,9
DA:17,7
DA:18,7
DA:19,7
DA:20,7
DA:21,7
DA:22,7
DA:23,7
DA:24,1
DA:25,1
DA:26,1
DA:27,1
DA:28,1
DA:29,1
DA:30,2
DA:31,4
DA:32,3
DA:33,3
DA:34,4
DA:35,2
DA:36,1
DA:37,1
DA:38,6
DA:39,6
DA:40,1
LF:40
LH:40
BRDA:6,0,0,6
BRDA:10,1,0,9
BRDA:16,2,0,2
BRDA:16,3,0,7
BRDA:14,4,0,4
BRDA:14,5,0,3
BRDA:25,6,0,1
BRDA:26,7,0,1
BRDA:29,8,0,2
BRDA:30,9,0,4
BRDA:31,10,0,3
BRDA:37,11,0,6
BRF:12
BRH:12
end_of_record
TN:
SF:src/core/ExchangeFanout.js
FN:6,ExchangeFanout
FN:10,createBinding
FN:24,removeBinding
FN:28,sendMessageQueue
FN:34,create
FNF:5
FNH:5
FNDA:5,ExchangeFanout
FNDA:6,createBinding
FNDA:1,removeBinding
FNDA:1,sendMessageQueue
FNDA:5,create
DA:1,1
DA:2,1
DA:3,1
DA:4,1
DA:5,1
DA:6,1
DA:7,5
DA:8,5
DA:9,1
DA:10,1
DA:11,6
DA:12,6
DA:13,6
DA:14,6
DA:15,6
DA:16,6
DA:17,5
DA:18,5
DA:19,5
DA:20,5
DA:21,5
DA:22,5
DA:23,1
DA:24,1
DA:25,1
DA:26,1
DA:27,1
DA:28,1
DA:29,1
DA:30,2
DA:31,2
DA:32,1
DA:33,1
DA:34,1
DA:35,5
DA:36,5
DA:37,1
LF:37
LH:37
BRDA:6,0,0,5
BRDA:10,1,0,6
BRDA:16,2,0,1
BRDA:16,3,0,5
BRDA:14,4,0,2
BRDA:24,5,0,1
BRDA:25,6,0,1
BRDA:28,7,0,1
BRDA:29,8,0,2
BRDA:34,9,0,5
BRF:10
BRH:10
end_of_record
TN:
SF:src/core/Message.js
FN:3,<instance_members_initializer>
FN:9,Message
FN:16,create
FNF:3
FNH:3
FNDA:13,<instance_members_initializer>
FNDA:13,Message
FNDA:13,create
DA:1,1
DA:2,1
DA:3,1
DA:4,13
DA:5,13
DA:6,13
DA:7,13
DA:8,13
DA:9,13
DA:10,13
DA:11,13
DA:12,13
DA:13,13
DA:14,13
DA:15,13
DA:16,13
DA:17,13
DA:18,13
DA:19,13
LF:19
LH:19
BRDA:3,0,0,13
BRDA:9,1,0,13
BRDA:16,2,0,13
BRF:3
BRH:3
end_of_record
TN:
SF:src/core/Queue.js
FN:4,<instance_members_initializer>
FN:11,Queue
FN:16,hasMessages
FN:20,hasConsumers
FN:24,firstMessageFromQueue
FN:28,addConsumer
FN:32,removeConsumer
FN:36,addMessageInQueue
FN:43,sendMessage
FN:53,create
FNF:10
FNH:10
FNDA:23,<instance_members_initializer>
FNDA:23,Queue
FNDA:24,hasMessages
FNDA:21,hasConsumers
FNDA:7,firstMessageFromQueue
FNDA:7,addConsumer
FNDA:2,removeConsumer
FNDA:15,addMessageInQueue
FNDA:17,sendMessage
FNDA:23,create
DA:1,1
DA:2,1
DA:3,1
DA:4,1
DA:5,23
DA:6,23
DA:7,23
DA:8,23
DA:9,23
DA:10,23
DA:11,23
DA:12,23
DA:13,23
DA:14,23
DA:15,23
DA:16,23
DA:17,24
DA:18,24
DA:19,23
DA:20,23
DA:21,21
DA:22,21
DA:23,23
DA:24,23
DA:25,7
DA:26,7
DA:27,23
DA:28,23
DA:29,7
DA:30,7
DA:31,23
DA:32,23
DA:33,2
DA:34,2
DA:35,23
DA:36,23
DA:37,15
DA:38,14
DA:39,14
DA:40,14
DA:41,14
DA:42,23
DA:43,23
DA:44,17
DA:45,7
DA:46,7
DA:47,7
DA:48,7
DA:49,7
DA:50,7
DA:51,17
DA:52,23
DA:53,23
DA:54,23
DA:55,23
DA:56,23
DA:57,23
LF:57
LH:57
BRDA:4,0,0,23
BRDA:11,1,0,23
BRDA:16,2,0,24
BRDA:20,3,0,21
BRDA:24,4,0,7
BRDA:28,5,0,7
BRDA:32,6,0,2
BRDA:33,7,0,3
BRDA:36,8,0,15
BRDA:37,9,0,1
BRDA:38,10,0,14
BRDA:43,11,0,17
BRDA:44,12,0,21
BRDA:44,13,0,7
BRDA:53,14,0,23
BRF:15
BRH:15
end_of_record
TN:
SF:src/core/base/Exchange.js
FN:3,<instance_members_initializer>
FN:8,Exchange
FN:13,sendMessageQueue
FNF:3
FNH:3
FNDA:13,<instance_members_initializer>
FNDA:13,Exchange
FNDA:1,sendMessageQueue
DA:1,1
DA:2,1
DA:3,1
DA:4,13
DA:5,13
DA:6,13
DA:7,13
DA:8,13
DA:9,13
DA:10,13
DA:11,13
DA:12,13
DA:13,13
DA:14,1
DA:15,1
DA:16,13
LF:16
LH:16
BRDA:3,0,0,13
BRDA:8,1,0,13
BRDA:13,2,0,1
BRF:3
BRH:3
end_of_record
